<?xml version="1.0" encoding="UTF-8"?>
<robot generator="Robot 6.1.1 (Python 3.11.8 on darwin)" generated="20240320 23:23:41.434" rpa="false" schemaversion="4">
<suite id="s1" name="Robot-Api" source="/Users/11456712/github.com/pradist/robot-api">
<suite id="s1-s1" name="Test" source="/Users/11456712/github.com/pradist/robot-api/test.robot">
<test id="s1-s1-t1" name="Get User by ID - Verify Status Code 200 and Success" line="9">
<kw name="Create Session" library="RequestsLibrary">
<arg>JsonPlaceholder</arg>
<arg>${BASE_URL}</arg>
<arg>disable_warnings=1</arg>
<doc>Create Session: create a HTTP session to a server</doc>
<msg timestamp="20240320 23:23:41.515" level="INFO">Creating Session using : alias=JsonPlaceholder, url=https://jsonplaceholder.org, headers={},                     cookies={}, auth=None, timeout=None, proxies=None, verify=False,                     debug=0 </msg>
<status status="PASS" starttime="20240320 23:23:41.515" endtime="20240320 23:23:41.515"/>
</kw>
<kw name="GET On Session" library="RequestsLibrary">
<var>${resp}</var>
<arg>JsonPlaceholder</arg>
<arg>url=/users?id=1</arg>
<doc>Sends a GET request on a previously created HTTP Session.</doc>
<msg timestamp="20240320 23:23:41.724" level="INFO">GET Request : url=https://jsonplaceholder.org/users?id=1 
 path_url=/users?id=1 
 headers={'User-Agent': 'python-requests/2.31.0', 'Accept-Encoding': 'gzip, deflate', 'Accept': '*/*', 'Connection': 'keep-alive'} 
 body=None 
 </msg>
<msg timestamp="20240320 23:23:41.725" level="INFO">GET Response : url=https://jsonplaceholder.org/users?id=1 
 status=200, reason=OK 
 headers={'Date': 'Wed, 20 Mar 2024 16:23:41 GMT', 'Content-Type': 'application/json; charset=UTF-8', 'Transfer-Encoding': 'chunked', 'Connection': 'keep-alive', 'Access-Control-Allow-Origin': '*', 'Report-To': '{"endpoints":[{"url":"https:\\/\\/a.nel.cloudflare.com\\/report\\/v4?s=PTEQYk5gJxvaWYgYhPXgU%2Fta0fRSqQn1fWk2YEMFy3Flh8Sp1Qpl5UtQYSRvXwuEOVEWppEUCP0%2BIC20midhobIVcHjY3om5gFnhrPl3VrdQRAuPGkJqpHZwjvizejXJI5UHYqkz"}],"group":"cf-nel","max_age":604800}', 'NEL': '{"success_fraction":0,"report_to":"cf-nel","max_age":604800}', 'Vary': 'Accept-Encoding', 'Content-Encoding': 'gzip', 'CF-Cache-Status': 'DYNAMIC', 'X-Content-Type-Options': 'nosniff', 'Server': 'cloudflare', 'CF-RAY': '86770c559dcc40e2-SIN', 'alt-svc': 'h3=":443"; ma=86400'} 
 body={"id":1,"firstname":"John","lastname":"Doe","email":"johndoe@example.com","birthDate":"1973-01-22","login":{"uuid":"1a0eed01-9430-4d68-901f-c0d4c1c3bf22","username":"johndoe","password":"jsonplaceholder.org","md5":"c1328472c5794a25723600f71c1b4586","sha1":"35544a31cc19bd6520af116554873167117f4d94","registered":"2023-01-10T10:03:20.022Z"},"address":{"street":"123 Main Street","suite":"Apt. 4","city":"Anytown","zipcode":"12345-6789","geo":{"lat":"42.1234","lng":"-71.2345"}},"phone":"(555) 555-1234","website":"www.johndoe.com","company":{"name":"ABC Company","catchPhrase":"Innovative solutions for all your needs","bs":"Marketing"}} 
 </msg>
<msg timestamp="20240320 23:23:41.725" level="INFO">${resp} = &lt;Response [200]&gt;</msg>
<status status="PASS" starttime="20240320 23:23:41.516" endtime="20240320 23:23:41.725"/>
</kw>
<kw name="Should Be Equal As Strings" library="BuiltIn">
<arg>${resp.status_code}</arg>
<arg>200</arg>
<arg>Status code should be 200</arg>
<doc>Fails if objects are unequal after converting them to strings.</doc>
<msg timestamp="20240320 23:23:41.726" level="INFO">Argument types are:
&lt;class 'int'&gt;
&lt;class 'str'&gt;</msg>
<status status="PASS" starttime="20240320 23:23:41.725" endtime="20240320 23:23:41.726"/>
</kw>
<kw name="Should Be True" library="BuiltIn">
<arg>${resp.ok}</arg>
<arg>Response should be successful</arg>
<doc>Fails if the given condition is not true.</doc>
<status status="PASS" starttime="20240320 23:23:41.726" endtime="20240320 23:23:41.727"/>
</kw>
<kw name="Set Variable" library="BuiltIn">
<var>${user_data}</var>
<arg>${resp.json()}</arg>
<doc>Returns the given values which can then be assigned to a variables.</doc>
<msg timestamp="20240320 23:23:41.728" level="INFO">${user_data} = {'id': 1, 'firstname': 'John', 'lastname': 'Doe', 'email': 'johndoe@example.com', 'birthDate': '1973-01-22', 'login': {'uuid': '1a0eed01-9430-4d68-901f-c0d4c1c3bf22', 'username': 'johndoe', 'password'...</msg>
<status status="PASS" starttime="20240320 23:23:41.727" endtime="20240320 23:23:41.728"/>
</kw>
<kw name="Convert To Dictionary" library="Collections">
<var>&amp;{result}</var>
<arg>${user_data}</arg>
<doc>Converts the given ``item`` to a Python ``dict`` type.</doc>
<msg timestamp="20240320 23:23:41.729" level="INFO">&amp;{result} = { id=1 | firstname=John | lastname=Doe | email=johndoe@example.com | birthDate=1973-01-22 | login={'uuid': '1a0eed01-9430-4d68-901f-c0d4c1c3bf22', 'username': 'johndoe', 'password': 'jsonplaceholder.o...</msg>
<status status="PASS" starttime="20240320 23:23:41.728" endtime="20240320 23:23:41.729"/>
</kw>
<kw name="Should Be Equal As Strings" library="BuiltIn">
<arg>${result.firstname}</arg>
<arg>John</arg>
<arg>First name should be John</arg>
<doc>Fails if objects are unequal after converting them to strings.</doc>
<status status="PASS" starttime="20240320 23:23:41.729" endtime="20240320 23:23:41.730"/>
</kw>
<doc>This test verifies that the API returns a successful response for a specific user ID.</doc>
<status status="PASS" starttime="20240320 23:23:41.514" endtime="20240320 23:23:41.730"/>
</test>
<status status="PASS" starttime="20240320 23:23:41.447" endtime="20240320 23:23:41.730"/>
</suite>
<status status="PASS" starttime="20240320 23:23:41.437" endtime="20240320 23:23:41.731"/>
</suite>
<statistics>
<total>
<stat pass="1" fail="0" skip="0">All Tests</stat>
</total>
<tag>
</tag>
<suite>
<stat pass="1" fail="0" skip="0" id="s1" name="Robot-Api">Robot-Api</stat>
<stat pass="1" fail="0" skip="0" id="s1-s1" name="Test">Robot-Api.Test</stat>
</suite>
</statistics>
<errors>
</errors>
</robot>
